<?xml version="1.0" encoding="UTF-8"?>
<!-- Generated by org.testng.reporters.JUnitXMLReporter -->
<testsuite hostname="shriyan" name="Test" tests="1" failures="0" timestamp="5 Jul 2017 16:03:52 GMT" time="0.058" errors="0">
  <testcase name="@BeforeSuite baseBeforeSuite" time="0.0" classname="mavenprojectgithub.LeanFtTest">
    <failure type="java.lang.IndexOutOfBoundsException" message="Index: 0, Size: 0">
      <![CDATA[java.lang.IndexOutOfBoundsException: Index: 0, Size: 0
	at java.util.ArrayList.rangeCheck(ArrayList.java:638)
	at java.util.ArrayList.get(ArrayList.java:414)
	at com.hp.lft.common.WindowsOSHelper.getCurrentSessionId(WindowsOSHelper.java:243)
	at com.hp.lft.common.OSHelperBase.getProcessesByName(OSHelperBase.java:12)
	at com.hp.lft.common.OSHelperBase.getRuntimeProcesses(OSHelperBase.java:17)
	at com.hp.lft.sdk.internal.ServerLauncher.launchIfNeeded(ServerLauncher.java:30)
	at com.hp.lft.unittesting.UnitTestBase.initSDK(UnitTestBase.java:184)
	at com.hp.lft.unittesting.TestNgUnitTestBase.suiteSetup(TestNgUnitTestBase.java:30)
	at unittesting.UnitTestClassBase.baseBeforeSuite(UnitTestClassBase.java:23)
	at org.apache.maven.surefire.testng.TestNGExecutor.run(TestNGExecutor.java:177)
	at org.apache.maven.surefire.testng.TestNGXmlTestSuite.execute(TestNGXmlTestSuite.java:92)
	at org.apache.maven.surefire.testng.TestNGProvider.invoke(TestNGProvider.java:105)
	at org.apache.maven.surefire.util.ReflectionUtils.invokeMethodWithArray(ReflectionUtils.java:189)
	at org.apache.maven.surefire.booter.ProviderFactory$ProviderProxy.invoke(ProviderFactory.java:165)
	at org.apache.maven.surefire.booter.ProviderFactory.invokeProvider(ProviderFactory.java:85)
	at org.apache.maven.surefire.booter.ForkedBooter.runSuitesInProcess(ForkedBooter.java:103)
	at org.apache.maven.surefire.booter.ForkedBooter.main(ForkedBooter.java:74)
... Removed 19 stack frames]]>
    </failure>
  </testcase> <!-- @BeforeSuite baseBeforeSuite -->
  <testcase name="@BeforeClass baseBeforeClass" time="0.0" classname="mavenprojectgithub.LeanFtTest">
    <skipped/>
  </testcase> <!-- @BeforeClass baseBeforeClass -->
  <testcase name="@BeforeClass beforeClass" time="0.0" classname="mavenprojectgithub.LeanFtTest">
    <skipped/>
  </testcase> <!-- @BeforeClass beforeClass -->
  <testcase name="@BeforeMethod baseBeforeMethod" time="0.0" classname="mavenprojectgithub.LeanFtTest">
    <skipped/>
  </testcase> <!-- @BeforeMethod baseBeforeMethod -->
  <testcase name="@BeforeMethod beforeMethod" time="0.0" classname="mavenprojectgithub.LeanFtTest">
    <skipped/>
  </testcase> <!-- @BeforeMethod beforeMethod -->
  <testcase name="@AfterMethod afterMethod" time="0.0" classname="mavenprojectgithub.LeanFtTest">
    <skipped/>
  </testcase> <!-- @AfterMethod afterMethod -->
  <testcase name="@AfterMethod baseAfterMethod" time="0.0" classname="mavenprojectgithub.LeanFtTest">
    <failure type="java.lang.NullPointerException">
      <![CDATA[java.lang.NullPointerException
	at com.hp.lft.report.DefaultReporter.closeCurrentReportLevel(DefaultReporter.java:156)
	at com.hp.lft.unittesting.UnitTestBase.closeCurrentReportLevel(UnitTestBase.java:165)
	at com.hp.lft.unittesting.UnitTestBase.testTearDown(UnitTestBase.java:124)
	at unittesting.UnitTestClassBase.baseAfterMethod(UnitTestClassBase.java:43)
	at org.apache.maven.surefire.testng.TestNGExecutor.run(TestNGExecutor.java:177)
	at org.apache.maven.surefire.testng.TestNGXmlTestSuite.execute(TestNGXmlTestSuite.java:92)
	at org.apache.maven.surefire.testng.TestNGProvider.invoke(TestNGProvider.java:105)
	at org.apache.maven.surefire.util.ReflectionUtils.invokeMethodWithArray(ReflectionUtils.java:189)
	at org.apache.maven.surefire.booter.ProviderFactory$ProviderProxy.invoke(ProviderFactory.java:165)
	at org.apache.maven.surefire.booter.ProviderFactory.invokeProvider(ProviderFactory.java:85)
	at org.apache.maven.surefire.booter.ForkedBooter.runSuitesInProcess(ForkedBooter.java:103)
	at org.apache.maven.surefire.booter.ForkedBooter.main(ForkedBooter.java:74)
... Removed 27 stack frames]]>
    </failure>
  </testcase> <!-- @AfterMethod baseAfterMethod -->
  <testcase name="@AfterClass afterClass" time="0.0" classname="mavenprojectgithub.LeanFtTest">
    <skipped/>
  </testcase> <!-- @AfterClass afterClass -->
  <testcase name="@AfterClass baseAfterClass" time="0.0" classname="mavenprojectgithub.LeanFtTest">
    <failure type="java.lang.NullPointerException">
      <![CDATA[java.lang.NullPointerException
	at com.hp.lft.report.DefaultReporter.closeAllReportLevels(DefaultReporter.java:177)
	at com.hp.lft.unittesting.UnitTestBase.closeReportLevels(UnitTestBase.java:172)
	at com.hp.lft.unittesting.TestNgUnitTestBase.classTearDown(TestNgUnitTestBase.java:77)
	at unittesting.UnitTestClassBase.baseAfterClass(UnitTestClassBase.java:49)
	at org.apache.maven.surefire.testng.TestNGExecutor.run(TestNGExecutor.java:177)
	at org.apache.maven.surefire.testng.TestNGXmlTestSuite.execute(TestNGXmlTestSuite.java:92)
	at org.apache.maven.surefire.testng.TestNGProvider.invoke(TestNGProvider.java:105)
	at org.apache.maven.surefire.util.ReflectionUtils.invokeMethodWithArray(ReflectionUtils.java:189)
	at org.apache.maven.surefire.booter.ProviderFactory$ProviderProxy.invoke(ProviderFactory.java:165)
	at org.apache.maven.surefire.booter.ProviderFactory.invokeProvider(ProviderFactory.java:85)
	at org.apache.maven.surefire.booter.ForkedBooter.runSuitesInProcess(ForkedBooter.java:103)
	at org.apache.maven.surefire.booter.ForkedBooter.main(ForkedBooter.java:74)
... Removed 25 stack frames]]>
    </failure>
  </testcase> <!-- @AfterClass baseAfterClass -->
  <testcase name="test" time="0.002" classname="mavenprojectgithub.LeanFtTest">
    <skipped/>
  </testcase> <!-- test -->
</testsuite> <!-- Test -->
