<?xml version="1.0" encoding="UTF-8"?>
<testng-results skipped="0" failed="0" total="1" passed="1">
  <reporter-output>
  </reporter-output>
  <suite name="Suite" duration-ms="6160" started-at="2017-07-05T15:45:57Z" finished-at="2017-07-05T15:46:03Z">
    <groups>
    </groups>
    <test name="Test" duration-ms="6160" started-at="2017-07-05T15:45:57Z" finished-at="2017-07-05T15:46:03Z">
      <class name="mavenprojectgithub.LeanFtTest">
        <test-method status="PASS" signature="baseBeforeSuite()[pri:0, instance:mavenprojectgithub.LeanFtTest@6321e813]" name="baseBeforeSuite" is-config="true" duration-ms="3650" started-at="2017-07-05T21:15:54Z" finished-at="2017-07-05T21:15:57Z">
          <reporter-output>
          </reporter-output>
        </test-method> <!-- baseBeforeSuite -->
        <test-method status="PASS" signature="baseBeforeClass(org.testng.ITestContext)[pri:0, instance:mavenprojectgithub.LeanFtTest@6321e813]" name="baseBeforeClass" is-config="true" duration-ms="213" started-at="2017-07-05T21:15:57Z" finished-at="2017-07-05T21:15:57Z">
          <params>
            <param index="0">
              <value>
                <![CDATA[org.testng.TestRunner@15f47664]]>
              </value>
            </param>
          </params>
          <reporter-output>
          </reporter-output>
        </test-method> <!-- baseBeforeClass -->
        <test-method status="PASS" signature="beforeClass()[pri:0, instance:mavenprojectgithub.LeanFtTest@6321e813]" name="beforeClass" is-config="true" duration-ms="1" started-at="2017-07-05T21:15:57Z" finished-at="2017-07-05T21:15:57Z">
          <reporter-output>
          </reporter-output>
        </test-method> <!-- beforeClass -->
        <test-method status="PASS" signature="baseBeforeMethod([Ljava.lang.Object;, org.testng.ITestContext, java.lang.reflect.Method)[pri:0, instance:mavenprojectgithub.LeanFtTest@6321e813]" name="baseBeforeMethod" is-config="true" duration-ms="2" started-at="2017-07-05T21:15:57Z" finished-at="2017-07-05T21:15:57Z">
          <params>
            <param index="0">
              <value>
                <![CDATA[[Ljava.lang.Object;@471a9022]]>
              </value>
            </param>
            <param index="1">
              <value>
                <![CDATA[org.testng.TestRunner@15f47664]]>
              </value>
            </param>
            <param index="2">
              <value>
                <![CDATA[public void mavenprojectgithub.LeanFtTest.test() throws com.hp.lft.sdk.GeneralLeanFtException]]>
              </value>
            </param>
          </params>
          <reporter-output>
          </reporter-output>
        </test-method> <!-- baseBeforeMethod -->
        <test-method status="PASS" signature="beforeMethod()[pri:0, instance:mavenprojectgithub.LeanFtTest@6321e813]" name="beforeMethod" is-config="true" duration-ms="1" started-at="2017-07-05T21:15:57Z" finished-at="2017-07-05T21:15:57Z">
          <reporter-output>
          </reporter-output>
        </test-method> <!-- beforeMethod -->
        <test-method status="PASS" signature="test()[pri:0, instance:mavenprojectgithub.LeanFtTest@6321e813]" name="test" duration-ms="5872" started-at="2017-07-05T21:15:57Z" finished-at="2017-07-05T21:16:03Z">
          <reporter-output>
          </reporter-output>
        </test-method> <!-- test -->
        <test-method status="PASS" signature="afterMethod()[pri:0, instance:mavenprojectgithub.LeanFtTest@6321e813]" name="afterMethod" is-config="true" duration-ms="1" started-at="2017-07-05T21:16:03Z" finished-at="2017-07-05T21:16:03Z">
          <reporter-output>
          </reporter-output>
        </test-method> <!-- afterMethod -->
        <test-method status="PASS" signature="baseAfterMethod(org.testng.ITestResult)[pri:0, instance:mavenprojectgithub.LeanFtTest@6321e813]" name="baseAfterMethod" is-config="true" duration-ms="6" started-at="2017-07-05T21:16:03Z" finished-at="2017-07-05T21:16:03Z">
          <params>
            <param index="0">
              <value>
                <![CDATA[[TestResult name=test status=SUCCESS method=LeanFtTest.test()[pri:0, instance:mavenprojectgithub.LeanFtTest@6321e813] output={null}]]]>
              </value>
            </param>
          </params>
          <reporter-output>
          </reporter-output>
        </test-method> <!-- baseAfterMethod -->
        <test-method status="PASS" signature="afterClass()[pri:0, instance:mavenprojectgithub.LeanFtTest@6321e813]" name="afterClass" is-config="true" duration-ms="2" started-at="2017-07-05T21:16:03Z" finished-at="2017-07-05T21:16:03Z">
          <reporter-output>
          </reporter-output>
        </test-method> <!-- afterClass -->
        <test-method status="PASS" signature="baseAfterClass(org.testng.ITestContext)[pri:0, instance:mavenprojectgithub.LeanFtTest@6321e813]" name="baseAfterClass" is-config="true" duration-ms="1" started-at="2017-07-05T21:16:03Z" finished-at="2017-07-05T21:16:03Z">
          <params>
            <param index="0">
              <value>
                <![CDATA[org.testng.TestRunner@15f47664]]>
              </value>
            </param>
          </params>
          <reporter-output>
          </reporter-output>
        </test-method> <!-- baseAfterClass -->
        <test-method status="FAIL" signature="baseAfterSuite()[pri:0, instance:mavenprojectgithub.LeanFtTest@6321e813]" name="baseAfterSuite" is-config="true" duration-ms="0" started-at="2017-07-05T21:16:03Z" finished-at="2017-07-05T21:16:03Z">
          <exception class="java.lang.NoClassDefFoundError">
            <message>
              <![CDATA[com/hp/lft/reportbuilder/ReportBuilder]]>
            </message>
            <full-stacktrace>
              <![CDATA[java.lang.NoClassDefFoundError: com/hp/lft/reportbuilder/ReportBuilder
	at com.hp.lft.report.DefaultReporter.generateExeHtmlReport(DefaultReporter.java:497)
	at com.hp.lft.report.DefaultReporter.generateReport(DefaultReporter.java:584)
	at unittesting.UnitTestClassBase.baseAfterSuite(UnitTestClassBase.java:55)
	at sun.reflect.NativeMethodAccessorImpl.invoke0(Native Method)
	at sun.reflect.NativeMethodAccessorImpl.invoke(NativeMethodAccessorImpl.java:62)
	at sun.reflect.DelegatingMethodAccessorImpl.invoke(DelegatingMethodAccessorImpl.java:43)
	at java.lang.reflect.Method.invoke(Method.java:483)
	at org.testng.internal.MethodInvocationHelper.invokeMethod(MethodInvocationHelper.java:80)
	at org.testng.internal.Invoker.invokeConfigurationMethod(Invoker.java:564)
	at org.testng.internal.Invoker.invokeConfigurations(Invoker.java:213)
	at org.testng.internal.Invoker.invokeConfigurations(Invoker.java:138)
	at org.testng.SuiteRunner.privateRun(SuiteRunner.java:308)
	at org.testng.SuiteRunner.run(SuiteRunner.java:240)
	at org.testng.SuiteRunnerWorker.runSuite(SuiteRunnerWorker.java:52)
	at org.testng.SuiteRunnerWorker.run(SuiteRunnerWorker.java:86)
	at org.testng.TestNG.runSuitesSequentially(TestNG.java:1198)
	at org.testng.TestNG.runSuitesLocally(TestNG.java:1123)
	at org.testng.TestNG.run(TestNG.java:1031)
	at org.testng.remote.AbstractRemoteTestNG.run(AbstractRemoteTestNG.java:126)
	at org.testng.remote.RemoteTestNG.initAndRun(RemoteTestNG.java:137)
	at org.testng.remote.RemoteTestNG.main(RemoteTestNG.java:58)
Caused by: java.lang.ClassNotFoundException: com.hp.lft.reportbuilder.ReportBuilder
	at java.net.URLClassLoader$1.run(URLClassLoader.java:372)
	at java.net.URLClassLoader$1.run(URLClassLoader.java:361)
	at java.security.AccessController.doPrivileged(Native Method)
	at java.net.URLClassLoader.findClass(URLClassLoader.java:360)
	at java.lang.ClassLoader.loadClass(ClassLoader.java:424)
	at sun.misc.Launcher$AppClassLoader.loadClass(Launcher.java:308)
	at java.lang.ClassLoader.loadClass(ClassLoader.java:357)
	... 21 more
]]>
            </full-stacktrace>
          </exception> <!-- java.lang.NoClassDefFoundError -->
          <reporter-output>
          </reporter-output>
        </test-method> <!-- baseAfterSuite -->
      </class> <!-- mavenprojectgithub.LeanFtTest -->
    </test> <!-- Test -->
  </suite> <!-- Suite -->
</testng-results>
